#
# A fatal error has been detected by the Java Runtime Environment:
#
#  Internal Error (javaClasses.cpp:126), pid=3600, tid=6080
#  fatal error: Invalid layout of preloaded class
#
# JRE version:  (8.0_20-b26) (build )
# Java VM: Java HotSpot(TM) 64-Bit Server VM (25.20-b23 mixed mode windows-amd64 compressed oops)
# Failed to write core dump. Minidumps are not enabled by default on client versions of Windows
#
# If you would like to submit a bug report, please visit:
#   http://bugreport.sun.com/bugreport/crash.jsp
#

---------------  T H R E A D  ---------------

Current thread (0x0000000001ddd800):  JavaThread "Unknown thread" [_thread_in_vm, id=6080, stack(0x0000000002730000,0x0000000002830000)]

Stack: [0x0000000002730000,0x0000000002830000]
Native frames: (J=compiled Java code, j=interpreted, Vv=VM code, C=native code)
V  [jvm.dll+0x3152fa]
V  [jvm.dll+0x265d03]
V  [jvm.dll+0x266943]
V  [jvm.dll+0x25e1e6]
V  [jvm.dll+0x5e64c]
V  [jvm.dll+0x5e743]
V  [jvm.dll+0x7316a]
V  [jvm.dll+0x734c8]
V  [jvm.dll+0xe3937]
V  [jvm.dll+0xe3cc6]
V  [jvm.dll+0x1f89d7]
V  [jvm.dll+0x229fc4]
V  [jvm.dll+0x14c6f1]
C  [javaw.exe+0x20c6]
C  [javaw.exe+0xc9eb]
C  [javaw.exe+0xca7f]
C  [kernel32.dll+0x15a4d]
C  [ntdll.dll+0x2b831]


---------------  P R O C E S S  ---------------

Java Threads: ( => current thread )

Other Threads:

=>0x0000000001ddd800 (exited) JavaThread "Unknown thread" [_thread_in_vm, id=6080, stack(0x0000000002730000,0x0000000002830000)]

VM state:not at safepoint (not fully initialized)

VM Mutex/Monitor currently owned by a thread: None

GC Heap History (0 events):
No events

Deoptimization events (0 events):
No events

Internal exceptions (0 events):
No events

Events (10 events):
Event: 0.010 loading class java/lang/CharSequence done
Event: 0.010 loading class java/lang/String done
Event: 0.010 loading class java/lang/Class
Event: 0.010 loading class java/lang/reflect/AnnotatedElement
Event: 0.010 loading class java/lang/reflect/AnnotatedElement done
Event: 0.010 loading class java/lang/reflect/GenericDeclaration
Event: 0.010 loading class java/lang/reflect/GenericDeclaration done
Event: 0.010 loading class java/lang/reflect/Type
Event: 0.010 loading class java/lang/reflect/Type done
Event: 0.010 loading class java/lang/Class done


Dynamic libraries:
0x000000013fb60000 - 0x000000013fb94000 	D:\jdk\Java\jdk1.8.0_20\bin\javaw.exe
0x0000000077220000 - 0x00000000773c9000 	C:\Windows\SYSTEM32\ntdll.dll
0x0000000077100000 - 0x0000000077220000 	C:\Windows\system32\kernel32.dll
0x000007fefd350000 - 0x000007fefd3bc000 	C:\Windows\system32\KERNELBASE.dll
0x000007feff450000 - 0x000007feff52b000 	C:\Windows\system32\ADVAPI32.dll
0x000007fefe2d0000 - 0x000007fefe36f000 	C:\Windows\system32\msvcrt.dll
0x000007feff100000 - 0x000007feff11f000 	C:\Windows\SYSTEM32\sechost.dll
0x000007fefe1a0000 - 0x000007fefe2cd000 	C:\Windows\system32\RPCRT4.dll
0x0000000077000000 - 0x00000000770fa000 	C:\Windows\system32\USER32.dll
0x000007feff3e0000 - 0x000007feff447000 	C:\Windows\system32\GDI32.dll
0x000007fefdd80000 - 0x000007fefdd8e000 	C:\Windows\system32\LPK.dll
0x000007fefd420000 - 0x000007fefd4e9000 	C:\Windows\system32\USP10.dll
0x000007fefb960000 - 0x000007fefbb54000 	C:\Windows\WinSxS\amd64_microsoft.windows.common-controls_6595b64144ccf1df_6.0.7601.18837_none_fa3b1e3d17594757\COMCTL32.dll
0x000007fefde30000 - 0x000007fefdea1000 	C:\Windows\system32\SHLWAPI.dll
0x000007fefd9a0000 - 0x000007fefd9ce000 	C:\Windows\system32\IMM32.DLL
0x000007fefd890000 - 0x000007fefd999000 	C:\Windows\system32\MSCTF.dll
0x00000000633d0000 - 0x00000000634a2000 	D:\jdk\Java\jdk1.8.0_20\jre\bin\msvcr100.dll
0x00000000634b0000 - 0x0000000063d08000 	D:\jdk\Java\jdk1.8.0_20\jre\bin\server\jvm.dll
0x000007fef2430000 - 0x000007fef2439000 	C:\Windows\system32\WSOCK32.dll
0x000007feff120000 - 0x000007feff16d000 	C:\Windows\system32\WS2_32.dll
0x000007feff1d0000 - 0x000007feff1d8000 	C:\Windows\system32\NSI.dll
0x000007fef4750000 - 0x000007fef478b000 	C:\Windows\system32\WINMM.dll
0x00000000773e0000 - 0x00000000773e7000 	C:\Windows\system32\PSAPI.DLL
0x000000006d150000 - 0x000000006d15f000 	D:\jdk\Java\jdk1.8.0_20\jre\bin\verify.dll
0x000000006d090000 - 0x000000006d0b8000 	D:\jdk\Java\jdk1.8.0_20\jre\bin\java.dll
0x000000006d070000 - 0x000000006d086000 	D:\jdk\Java\jdk1.8.0_20\jre\bin\zip.dll
0x000007feeac30000 - 0x000007feead55000 	C:\Windows\system32\dbghelp.dll

VM Arguments:
jvm_args: -Dfile.encoding=UTF-8 -Xbootclasspath:E:\android_idea\adt_buddle\android_x86_64\sdk\platforms\android-22\android.jar 
java_command: com.common.lib.utils.IdcardValidator
java_class_path (initial): E:\workspace\librarys\commonlib\libs\android-support-v4.jar;E:\workspace\librarys\commonlib\libs\gson-2.1.jar;E:\workspace\librarys\volley\bin\volley.jar;E:\workspace\librarys\commonlib\bin\classes
Launcher Type: SUN_STANDARD

Environment Variables:
JAVA_HOME=D:\jdk\Java\jdk1.8.0_20
CLASSPATH=.;D:\jdk\Java\jdk1.8.0_20\lib;D:\jdk\Java\jdk1.8.0_20\lib\tools.jar
PATH=D:/jdk/Java/jdk1.8.0_20/bin/../jre/bin/server;D:/jdk/Java/jdk1.8.0_20/bin/../jre/bin;D:/jdk/Java/jdk1.8.0_20/bin/../jre/lib/amd64;C:\Windows\system32;C:\Windows;C:\Windows\System32\Wbem;C:\Windows\System32\WindowsPowerShell\v1.0\;D:\svn\bin;D:\jdk\Java\jdk1.8.0_20\bin;D:\jdk\Java\jdk1.8.0_20\jre\bin;E:\android_idea\adt_buddle\android_x86_64\sdk\platform-tools;E:\android_idea\adt_buddle\android_x86_64\sdk\tools;E:\android_idea\adt_buddle\android_x86_64\eclipse;
USERNAME=Administrator
OS=Windows_NT
PROCESSOR_IDENTIFIER=Intel64 Family 6 Model 60 Stepping 3, GenuineIntel



---------------  S Y S T E M  ---------------

OS: Windows 7 , 64 bit Build 7601 Service Pack 1

CPU:total 4 (4 cores per cpu, 1 threads per core) family 6 model 60 stepping 3, cmov, cx8, fxsr, mmx, sse, sse2, sse3, ssse3, sse4.1, sse4.2, popcnt, avx, avx2, aes, clmul, erms, lzcnt, tsc, tscinvbit, bmi1, bmi2

Memory: 4k page, physical 8273776k(3645040k free), swap 16545716k(11098008k free)

vm_info: Java HotSpot(TM) 64-Bit Server VM (25.20-b23) for windows-amd64 JRE (1.8.0_20-b26), built on Jul 30 2014 13:51:23 by "java_re" with MS VC++ 10.0 (VS2010)

time: Wed Dec 09 14:45:26 2015
elapsed time: 0 seconds (0d 0h 0m 0s)

